perl -I../.. ../../tests/filesys/base/syn-remove.ck tests/filesys/base/syn-remove tests/filesys/base/syn-remove.result
FAIL tests/filesys/base/syn-remove
Kernel panic in run: PANIC at ../../devices/block.c:112 in check_sector(): Access past end of device hda2 (sector=4294967295, size=4096)
Call stack: 0xc0028e1c 0xc0024f26 0xc0024f4b 0xc002eff4 0xc002e39a 0xc002d33c 0xc002adae 0xc002c251 0xc002c87c 0xc0022116 0xc002224f 0x804a514 0x8048262 0x80489f8 0x8048a24
Translation of call stack:
In kernel.o:
0xc0028e1c: debug_panic (.../../lib/kernel/debug.c:38)
0xc0024f26: check_sector (...../../devices/block.c:114)
0xc0024f4b: block_read (...../../devices/block.c:124)
0xc002eff4: bc_read (...ilesys/buffer_cache.c:193)
0xc002e39a: free_inode_sectors (...../../filesys/inode.c:694)
0xc002d33c: file_close (...d/../../filesys/file.c:52)
0xc002adae: process_close_file (...../userprog/process.c:310)
0xc002c251: close (...../userprog/syscall.c:281)
0xc002c87c: syscall_handler (...../userprog/syscall.c:141)
0xc0022116: intr_handler (..../threads/interrupt.c:367)
0xc002224f: intr_entry (threads/intr-stubs.S:38)
In tests/filesys/base/syn-remove:
0x0804a514: close (...../lib/user/syscall.c:141)
0x08048262: test_main (...esys/base/syn-remove.c:30)
0x080489f8: main (...ild/../../tests/main.c:13)
0x08048a24: _start (.../../../lib/user/entry.c:9)
Translations of user virtual addresses above are based on a guess at
the binary to use.  If this guess is incorrect, then those
translations will be misleading.
pintos -v -k -T 60 --qemu  --filesys-size=2 -p tests/filesys/base/syn-write -a syn-write -p tests/filesys/base/child-syn-wrt -a child-syn-wrt -- -q  -f run syn-write < /dev/null 2> tests/filesys/base/syn-write.errors > tests/filesys/base/syn-write.output
perl -I../.. ../../tests/filesys/base/syn-write.ck tests/filesys/base/syn-write tests/filesys/base/syn-write.result
pass tests/filesys/base/syn-write
rm -f tmp.dsk
pintos-mkdisk tmp.dsk --filesys-size=2
pintos -v -k -T 60 --qemu  --disk=tmp.dsk -p tests/filesys/extended/dir-empty-name -a dir-empty-name -p tests/filesys/extended/tar -a tar -- -q  -f run dir-empty-name < /dev/null 2> tests/filesys/extended/dir-empty-name.errors > tests/filesys/extended/dir-empty-name.output
pintos -v -k -T 60  --qemu --disk=tmp.dsk -g fs.tar -a tests/filesys/extended/dir-empty-name.tar -- -q  run 'tar fs.tar /' < /dev/null 2> tests/filesys/extended/dir-empty-name-persistence.errors > tests/filesys/extended/dir-empty-name-persistence.output
rm -f tmp.dsk
perl -I../.. ../../tests/filesys/extended/dir-empty-name.ck tests/filesys/extended/dir-empty-name tests/filesys/extended/dir-empty-name.result
FAIL tests/filesys/extended/dir-empty-name
run: mkdir "" (must return false): FAILED
rm -f tmp.dsk
pintos-mkdisk tmp.dsk --filesys-size=2
pintos -v -k -T 60 --qemu  --disk=tmp.dsk -p tests/filesys/extended/dir-mk-tree -a dir-mk-tree -p tests/filesys/extended/tar -a tar -- -q  -f run dir-mk-tree < /dev/null 2> tests/filesys/extended/dir-mk-tree.errors > tests/filesys/extended/dir-mk-tree.output
pintos -v -k -T 60  --qemu --disk=tmp.dsk -g fs.tar -a tests/filesys/extended/dir-mk-tree.tar -- -q  run 'tar fs.tar /' < /dev/null 2> tests/filesys/extended/dir-mk-tree-persistence.errors > tests/filesys/extended/dir-mk-tree-persistence.output
rm -f tmp.dsk
perl -I../.. ../../tests/filesys/extended/dir-mk-tree.ck tests/filesys/extended/dir-mk-tree tests/filesys/extended/dir-mk-tree.result
FAIL tests/filesys/extended/dir-mk-tree
run: create "/0/1/0/2": FAILED
rm -f tmp.dsk
pintos-mkdisk tmp.dsk --filesys-size=2
pintos -v -k -T 60 --qemu  --disk=tmp.dsk -p tests/filesys/extended/dir-mkdir -a dir-mkdir -p tests/filesys/extended/tar -a tar -- -q  -f run dir-mkdir < /dev/null 2> tests/filesys/extended/dir-mkdir.errors > tests/filesys/extended/dir-mkdir.output
pintos -v -k -T 60  --qemu --disk=tmp.dsk -g fs.tar -a tests/filesys/extended/dir-mkdir.tar -- -q  run 'tar fs.tar /' < /dev/null 2> tests/filesys/extended/dir-mkdir-persistence.errors > tests/filesys/extended/dir-mkdir-persistence.output
rm -f tmp.dsk
perl -I../.. ../../tests/filesys/extended/dir-mkdir.ck tests/filesys/extended/dir-mkdir tests/filesys/extended/dir-mkdir.result
FAIL tests/filesys/extended/dir-mkdir
run: open "b": FAILED
rm -f tmp.dsk
pintos-mkdisk tmp.dsk --filesys-size=2
pintos -v -k -T 60 --qemu  --disk=tmp.dsk -p tests/filesys/extended/dir-open -a dir-open -p tests/filesys/extended/tar -a tar -- -q  -f run dir-open < /dev/null 2> tests/filesys/extended/dir-open.errors > tests/filesys/extended/dir-open.output
pintos -v -k -T 60  --qemu --disk=tmp.dsk -g fs.tar -a tests/filesys/extended/dir-open.tar -- -q  run 'tar fs.tar /' < /dev/null 2> tests/filesys/extended/dir-open-persistence.errors > tests/filesys/extended/dir-open-persistence.output
rm -f tmp.dsk
perl -I../.. ../../tests/filesys/extended/dir-open.ck tests/filesys/extended/dir-open tests/filesys/extended/dir-open.result
FAIL tests/filesys/extended/dir-open
run: open "xyzzy": FAILED
rm -f tmp.dsk
pintos-mkdisk tmp.dsk --filesys-size=2
pintos -v -k -T 60 --qemu  --disk=tmp.dsk -p tests/filesys/extended/dir-over-file -a dir-over-file -p tests/filesys/extended/tar -a tar -- -q  -f run dir-over-file < /dev/null 2> tests/filesys/extended/dir-over-file.errors > tests/filesys/extended/dir-over-file.output
pintos -v -k -T 60  --qemu --disk=tmp.dsk -g fs.tar -a tests/filesys/extended/dir-over-file.tar -- -q  run 'tar fs.tar /' < /dev/null 2> tests/filesys/extended/dir-over-file-persistence.errors > tests/filesys/extended/dir-over-file-persistence.output
rm -f tmp.dsk
perl -I../.. ../../tests/filesys/extended/dir-over-file.ck tests/filesys/extended/dir-over-file tests/filesys/extended/dir-over-file.result
FAIL tests/filesys/extended/dir-over-file
run: create "abc" (must return false): FAILED
rm -f tmp.dsk
pintos-mkdisk tmp.dsk --filesys-size=2
pintos -v -k -T 60 --qemu  --disk=tmp.dsk -p tests/filesys/extended/dir-rm-cwd -a dir-rm-cwd -p tests/filesys/extended/tar -a tar -- -q  -f run dir-rm-cwd < /dev/null 2> tests/filesys/extended/dir-rm-cwd.errors > tests/filesys/extended/dir-rm-cwd.output
pintos -v -k -T 60  --qemu --disk=tmp.dsk -g fs.tar -a tests/filesys/extended/dir-rm-cwd.tar -- -q  run 'tar fs.tar /' < /dev/null 2> tests/filesys/extended/dir-rm-cwd-persistence.errors > tests/filesys/extended/dir-rm-cwd-persistence.output
rm -f tmp.dsk
perl -I../.. ../../tests/filesys/extended/dir-rm-cwd.ck tests/filesys/extended/dir-rm-cwd tests/filesys/extended/dir-rm-cwd.result
FAIL tests/filesys/extended/dir-rm-cwd
run: open "/": FAILED
rm -f tmp.dsk
pintos-mkdisk tmp.dsk --filesys-size=2
pintos -v -k -T 60 --qemu  --disk=tmp.dsk -p tests/filesys/extended/dir-rm-parent -a dir-rm-parent -p tests/filesys/extended/tar -a tar -- -q  -f run dir-rm-parent < /dev/null 2> tests/filesys/extended/dir-rm-parent.errors > tests/filesys/extended/dir-rm-parent.output
pintos -v -k -T 60  --qemu --disk=tmp.dsk -g fs.tar -a tests/filesys/extended/dir-rm-parent.tar -- -q  run 'tar fs.tar /' < /dev/null 2> tests/filesys/extended/dir-rm-parent-persistence.errors > tests/filesys/extended/dir-rm-parent-persistence.output
rm -f tmp.dsk
perl -I../.. ../../tests/filesys/extended/dir-rm-parent.ck tests/filesys/extended/dir-rm-parent tests/filesys/extended/dir-rm-parent.result
pass tests/filesys/extended/dir-rm-parent
rm -f tmp.dsk
pintos-mkdisk tmp.dsk --filesys-size=2
pintos -v -k -T 60 --qemu  --disk=tmp.dsk -p tests/filesys/extended/dir-rm-root -a dir-rm-root -p tests/filesys/extended/tar -a tar -- -q  -f run dir-rm-root < /dev/null 2> tests/filesys/extended/dir-rm-root.errors > tests/filesys/extended/dir-rm-root.output
pintos -v -k -T 60  --qemu --disk=tmp.dsk -g fs.tar -a tests/filesys/extended/dir-rm-root.tar -- -q  run 'tar fs.tar /' < /dev/null 2> tests/filesys/extended/dir-rm-root-persistence.errors > tests/filesys/extended/dir-rm-root-persistence.output
rm -f tmp.dsk
perl -I../.. ../../tests/filesys/extended/dir-rm-root.ck tests/filesys/extended/dir-rm-root tests/filesys/extended/dir-rm-root.result
pass tests/filesys/extended/dir-rm-root
rm -f tmp.dsk
pintos-mkdisk tmp.dsk --filesys-size=2
pintos -v -k -T 60 --qemu  --disk=tmp.dsk -p tests/filesys/extended/dir-rm-tree -a dir-rm-tree -p tests/filesys/extended/tar -a tar -- -q  -f run dir-rm-tree < /dev/null 2> tests/filesys/extended/dir-rm-tree.errors > tests/filesys/extended/dir-rm-tree.output
pintos -v -k -T 60  --qemu --disk=tmp.dsk -g fs.tar -a tests/filesys/extended/dir-rm-tree.tar -- -q  run 'tar fs.tar /' < /dev/null 2> tests/filesys/extended/dir-rm-tree-persistence.errors > tests/filesys/extended/dir-rm-tree-persistence.output
rm -f tmp.dsk
perl -I../.. ../../tests/filesys/extended/dir-rm-tree.ck tests/filesys/extended/dir-rm-tree tests/filesys/extended/dir-rm-tree.result
FAIL tests/filesys/extended/dir-rm-tree
run: create "/0/1/0/2": FAILED
rm -f tmp.dsk
pintos-mkdisk tmp.dsk --filesys-size=2
pintos -v -k -T 60 --qemu  --disk=tmp.dsk -p tests/filesys/extended/dir-rmdir -a dir-rmdir -p tests/filesys/extended/tar -a tar -- -q  -f run dir-rmdir < /dev/null 2> tests/filesys/extended/dir-rmdir.errors > tests/filesys/extended/dir-rmdir.output
pintos -v -k -T 60  --qemu --disk=tmp.dsk -g fs.tar -a tests/filesys/extended/dir-rmdir.tar -- -q  run 'tar fs.tar /' < /dev/null 2> tests/filesys/extended/dir-rmdir-persistence.errors > tests/filesys/extended/dir-rmdir-persistence.output
rm -f tmp.dsk
perl -I../.. ../../tests/filesys/extended/dir-rmdir.ck tests/filesys/extended/dir-rmdir tests/filesys/extended/dir-rmdir.result
FAIL tests/filesys/extended/dir-rmdir
run: rmdir "a": FAILED
rm -f tmp.dsk
pintos-mkdisk tmp.dsk --filesys-size=2
pintos -v -k -T 60 --qemu  --disk=tmp.dsk -p tests/filesys/extended/dir-under-file -a dir-under-file -p tests/filesys/extended/tar -a tar -- -q  -f run dir-under-file < /dev/null 2> tests/filesys/extended/dir-under-file.errors > tests/filesys/extended/dir-under-file.output
pintos -v -k -T 60  --qemu --disk=tmp.dsk -g fs.tar -a tests/filesys/extended/dir-under-file.tar -- -q  run 'tar fs.tar /' < /dev/null 2> tests/filesys/extended/dir-under-file-persistence.errors > tests/filesys/extended/dir-under-file-persistence.output
rm -f tmp.dsk
perl -I../.. ../../tests/filesys/extended/dir-under-file.ck tests/filesys/extended/dir-under-file tests/filesys/extended/dir-under-file.result
FAIL tests/filesys/extended/dir-under-file
run: mkdir "abc" (must return false): FAILED
rm -f tmp.dsk
pintos-mkdisk tmp.dsk --filesys-size=2
pintos -v -k -T 150 --qemu  --disk=tmp.dsk -p tests/filesys/extended/dir-vine -a dir-vine -p tests/filesys/extended/tar -a tar -- -q  -f run dir-vine < /dev/null 2> tests/filesys/extended/dir-vine.errors > tests/filesys/extended/dir-vine.output
pintos -v -k -T 60  --qemu --disk=tmp.dsk -g fs.tar -a tests/filesys/extended/dir-vine.tar -- -q  run 'tar fs.tar /' < /dev/null 2> tests/filesys/extended/dir-vine-persistence.errors > tests/filesys/extended/dir-vine-persistence.output
rm -f tmp.dsk
perl -I../.. ../../tests/filesys/extended/dir-vine.ck tests/filesys/extended/dir-vine tests/filesys/extended/dir-vine.result
FAIL tests/filesys/extended/dir-vine
Kernel panic in run: PANIC at ../../devices/block.c:112 in check_sector(): Access past end of device hdb1 (sector=4294967295, size=4096)
Call stack: 0xc0028e1c 0xc0024f26 0xc0024f4b 0xc002eff4 0xc002e39a 0xc002d33c 0xc002adae 0xc002c251 0xc002c87c 0xc0022116 0xc002224f 0x804a814 0x8048231 0x8048cf8 0x8048d24
Translation of call stack:
In kernel.o:
0xc0028e1c: debug_panic (.../../lib/kernel/debug.c:38)
0xc0024f26: check_sector (...../../devices/block.c:114)
0xc0024f4b: block_read (...../../devices/block.c:124)
0xc002eff4: bc_read (...ilesys/buffer_cache.c:193)
0xc002e39a: free_inode_sectors (...../../filesys/inode.c:694)
0xc002d33c: file_close (...d/../../filesys/file.c:52)
0xc002adae: process_close_file (...../userprog/process.c:310)
0xc002c251: close (...../userprog/syscall.c:281)
0xc002c87c: syscall_handler (...../userprog/syscall.c:141)
0xc0022116: intr_handler (..../threads/interrupt.c:367)
0xc002224f: intr_entry (threads/intr-stubs.S:38)
In tests/filesys/extended/dir-vine:
0x0804a814: close (...../lib/user/syscall.c:141)
0x08048231: test_main (...ys/extended/dir-vine.c:41)
0x08048cf8: main (...ild/../../tests/main.c:13)
0x08048d24: _start (.../../../lib/user/entry.c:9)
Translations of user virtual addresses above are based on a guess at
the binary to use.  If this guess is incorrect, then those
translations will be misleading.
rm -f tmp.dsk
pintos-mkdisk tmp.dsk --filesys-size=2
pintos -v -k -T 60 --qemu  --disk=tmp.dsk -p tests/filesys/extended/grow-create -a grow-create -p tests/filesys/extended/tar -a tar -- -q  -f run grow-create < /dev/null 2> tests/filesys/extended/grow-create.errors > tests/filesys/extended/grow-create.output
pintos -v -k -T 60  --qemu --disk=tmp.dsk -g fs.tar -a tests/filesys/extended/grow-create.tar -- -q  run 'tar fs.tar /' < /dev/null 2> tests/filesys/extended/grow-create-persistence.errors > tests/filesys/extended/grow-create-persistence.output
rm -f tmp.dsk
perl -I../.. ../../tests/filesys/extended/grow-create.ck tests/filesys/extended/grow-create tests/filesys/extended/grow-create.result
pass tests/filesys/extended/grow-create
rm -f tmp.dsk
pintos-mkdisk tmp.dsk --filesys-size=2
pintos -v -k -T 60 --qemu  --disk=tmp.dsk -p tests/filesys/extended/grow-dir-lg -a grow-dir-lg -p tests/filesys/extended/tar -a tar -- -q  -f run grow-dir-lg < /dev/null 2> tests/filesys/extended/grow-dir-lg.errors > tests/filesys/extended/grow-dir-lg.output
pintos -v -k -T 60  --qemu --disk=tmp.dsk -g fs.tar -a tests/filesys/extended/grow-dir-lg.tar -- -q  run 'tar fs.tar /' < /dev/null 2> tests/filesys/extended/grow-dir-lg-persistence.errors > tests/filesys/extended/grow-dir-lg-persistence.output
rm -f tmp.dsk
perl -I../.. ../../tests/filesys/extended/grow-dir-lg.ck tests/filesys/extended/grow-dir-lg tests/filesys/extended/grow-dir-lg.result
FAIL tests/filesys/extended/grow-dir-lg
run: create "/x/file14": FAILED
rm -f tmp.dsk
pintos-mkdisk tmp.dsk --filesys-size=2
pintos -v -k -T 60 --qemu  --disk=tmp.dsk -p tests/filesys/extended/grow-file-size -a grow-file-size -p tests/filesys/extended/tar -a tar -- -q  -f run grow-file-size < /dev/null 2> tests/filesys/extended/grow-file-size.errors > tests/filesys/extended/grow-file-size.output
pintos -v -k -T 60  --qemu --disk=tmp.dsk -g fs.tar -a tests/filesys/extended/grow-file-size.tar -- -q  run 'tar fs.tar /' < /dev/null 2> tests/filesys/extended/grow-file-size-persistence.errors > tests/filesys/extended/grow-file-size-persistence.output
rm -f tmp.dsk
perl -I../.. ../../tests/filesys/extended/grow-file-size.ck tests/filesys/extended/grow-file-size tests/filesys/extended/grow-file-size.result
FAIL tests/filesys/extended/grow-file-size
run: write 37 bytes at offset 0 in "testfile" failed: FAILED
rm -f tmp.dsk
pintos-mkdisk tmp.dsk --filesys-size=2
pintos -v -k -T 60 --qemu  --disk=tmp.dsk -p tests/filesys/extended/grow-root-lg -a grow-root-lg -p tests/filesys/extended/tar -a tar -- -q  -f run grow-root-lg < /dev/null 2> tests/filesys/extended/grow-root-lg.errors > tests/filesys/extended/grow-root-lg.output
pintos -v -k -T 60  --qemu --disk=tmp.dsk -g fs.tar -a tests/filesys/extended/grow-root-lg.tar -- -q  run 'tar fs.tar /' < /dev/null 2> tests/filesys/extended/grow-root-lg-persistence.errors > tests/filesys/extended/grow-root-lg-persistence.output
rm -f tmp.dsk
perl -I../.. ../../tests/filesys/extended/grow-root-lg.ck tests/filesys/extended/grow-root-lg tests/filesys/extended/grow-root-lg.result
FAIL tests/filesys/extended/grow-root-lg
run: create "file14": FAILED
rm -f tmp.dsk
pintos-mkdisk tmp.dsk --filesys-size=2
pintos -v -k -T 60 --qemu  --disk=tmp.dsk -p tests/filesys/extended/grow-root-sm -a grow-root-sm -p tests/filesys/extended/tar -a tar -- -q  -f run grow-root-sm < /dev/null 2> tests/filesys/extended/grow-root-sm.errors > tests/filesys/extended/grow-root-sm.output
pintos -v -k -T 60  --qemu --disk=tmp.dsk -g fs.tar -a tests/filesys/extended/grow-root-sm.tar -- -q  run 'tar fs.tar /' < /dev/null 2> tests/filesys/extended/grow-root-sm-persistence.errors > tests/filesys/extended/grow-root-sm-persistence.output
rm -f tmp.dsk
perl -I../.. ../../tests/filesys/extended/grow-root-sm.ck tests/filesys/extended/grow-root-sm tests/filesys/extended/grow-root-sm.result
FAIL tests/filesys/extended/grow-root-sm
run: create "file14": FAILED
rm -f tmp.dsk
pintos-mkdisk tmp.dsk --filesys-size=2
pintos -v -k -T 60 --qemu  --disk=tmp.dsk -p tests/filesys/extended/grow-seq-lg -a grow-seq-lg -p tests/filesys/extended/tar -a tar -- -q  -f run grow-seq-lg < /dev/null 2> tests/filesys/extended/grow-seq-lg.errors > tests/filesys/extended/grow-seq-lg.output
pintos -v -k -T 60  --qemu --disk=tmp.dsk -g fs.tar -a tests/filesys/extended/grow-seq-lg.tar -- -q  run 'tar fs.tar /' < /dev/null 2> tests/filesys/extended/grow-seq-lg-persistence.errors > tests/filesys/extended/grow-seq-lg-persistence.output
rm -f tmp.dsk
perl -I../.. ../../tests/filesys/extended/grow-seq-lg.ck tests/filesys/extended/grow-seq-lg tests/filesys/extended/grow-seq-lg.result
FAIL tests/filesys/extended/grow-seq-lg
run: write 1234 bytes at offset 0 in "testme" failed: FAILED
rm -f tmp.dsk
pintos-mkdisk tmp.dsk --filesys-size=2
pintos -v -k -T 60 --qemu  --disk=tmp.dsk -p tests/filesys/extended/grow-seq-sm -a grow-seq-sm -p tests/filesys/extended/tar -a tar -- -q  -f run grow-seq-sm < /dev/null 2> tests/filesys/extended/grow-seq-sm.errors > tests/filesys/extended/grow-seq-sm.output
pintos -v -k -T 60  --qemu --disk=tmp.dsk -g fs.tar -a tests/filesys/extended/grow-seq-sm.tar -- -q  run 'tar fs.tar /' < /dev/null 2> tests/filesys/extended/grow-seq-sm-persistence.errors > tests/filesys/extended/grow-seq-sm-persistence.output
rm -f tmp.dsk
perl -I../.. ../../tests/filesys/extended/grow-seq-sm.ck tests/filesys/extended/grow-seq-sm tests/filesys/extended/grow-seq-sm.result
FAIL tests/filesys/extended/grow-seq-sm
run: write 1234 bytes at offset 0 in "testme" failed: FAILED
rm -f tmp.dsk
pintos-mkdisk tmp.dsk --filesys-size=2
pintos -v -k -T 60 --qemu  --disk=tmp.dsk -p tests/filesys/extended/grow-sparse -a grow-sparse -p tests/filesys/extended/tar -a tar -- -q  -f run grow-sparse < /dev/null 2> tests/filesys/extended/grow-sparse.errors > tests/filesys/extended/grow-sparse.output
pintos -v -k -T 60  --qemu --disk=tmp.dsk -g fs.tar -a tests/filesys/extended/grow-sparse.tar -- -q  run 'tar fs.tar /' < /dev/null 2> tests/filesys/extended/grow-sparse-persistence.errors > tests/filesys/extended/grow-sparse-persistence.output
rm -f tmp.dsk
perl -I../.. ../../tests/filesys/extended/grow-sparse.ck tests/filesys/extended/grow-sparse tests/filesys/extended/grow-sparse.result
FAIL tests/filesys/extended/grow-sparse
run: write "testfile": FAILED
rm -f tmp.dsk
pintos-mkdisk tmp.dsk --filesys-size=2
pintos -v -k -T 60 --qemu  --disk=tmp.dsk -p tests/filesys/extended/grow-tell -a grow-tell -p tests/filesys/extended/tar -a tar -- -q  -f run grow-tell < /dev/null 2> tests/filesys/extended/grow-tell.errors > tests/filesys/extended/grow-tell.output
pintos -v -k -T 60  --qemu --disk=tmp.dsk -g fs.tar -a tests/filesys/extended/grow-tell.tar -- -q  run 'tar fs.tar /' < /dev/null 2> tests/filesys/extended/grow-tell-persistence.errors > tests/filesys/extended/grow-tell-persistence.output
rm -f tmp.dsk
perl -I../.. ../../tests/filesys/extended/grow-tell.ck tests/filesys/extended/grow-tell tests/filesys/extended/grow-tell.result
FAIL tests/filesys/extended/grow-tell
run: write 37 bytes at offset 0 in "foobar" failed: FAILED
rm -f tmp.dsk
pintos-mkdisk tmp.dsk --filesys-size=2
pintos -v -k -T 60 --qemu  --disk=tmp.dsk -p tests/filesys/extended/grow-two-files -a grow-two-files -p tests/filesys/extended/tar -a tar -- -q  -f run grow-two-files < /dev/null 2> tests/filesys/extended/grow-two-files.errors > tests/filesys/extended/grow-two-files.output
pintos -v -k -T 60  --qemu --disk=tmp.dsk -g fs.tar -a tests/filesys/extended/grow-two-files.tar -- -q  run 'tar fs.tar /' < /dev/null 2> tests/filesys/extended/grow-two-files-persistence.errors > tests/filesys/extended/grow-two-files-persistence.output
rm -f tmp.dsk
perl -I../.. ../../tests/filesys/extended/grow-two-files.ck tests/filesys/extended/grow-two-files tests/filesys/extended/grow-two-files.result
FAIL tests/filesys/extended/grow-two-files
run: write 250 bytes at offset 0 in "a" returned 0: FAILED
rm -f tmp.dsk
pintos-mkdisk tmp.dsk --filesys-size=2
pintos -v -k -T 60 --qemu  --disk=tmp.dsk -p tests/filesys/extended/syn-rw -a syn-rw -p tests/filesys/extended/tar -a tar -p tests/filesys/extended/child-syn-rw -a child-syn-rw -- -q  -f run syn-rw < /dev/null 2> tests/filesys/extended/syn-rw.errors > tests/filesys/extended/syn-rw.output
pintos -v -k -T 60  --qemu --disk=tmp.dsk -g fs.tar -a tests/filesys/extended/syn-rw.tar -- -q  run 'tar fs.tar /' < /dev/null 2> tests/filesys/extended/syn-rw-persistence.errors > tests/filesys/extended/syn-rw-persistence.output
rm -f tmp.dsk
perl -I../.. ../../tests/filesys/extended/syn-rw.ck tests/filesys/extended/syn-rw tests/filesys/extended/syn-rw.result
FAIL tests/filesys/extended/syn-rw
run: write 8 bytes at offset 0 in "logfile": FAILED
perl -I../.. ../../tests/filesys/extended/dir-empty-name-persistence.ck tests/filesys/extended/dir-empty-name-persistence tests/filesys/extended/dir-empty-name-persistence.result
FAIL tests/filesys/extended/dir-empty-name-persistence
Prerequisite test tests/filesys/extended/dir-empty-name failed.
perl -I../.. ../../tests/filesys/extended/dir-mk-tree-persistence.ck tests/filesys/extended/dir-mk-tree-persistence tests/filesys/extended/dir-mk-tree-persistence.result
FAIL tests/filesys/extended/dir-mk-tree-persistence
Prerequisite test tests/filesys/extended/dir-mk-tree failed.
perl -I../.. ../../tests/filesys/extended/dir-mkdir-persistence.ck tests/filesys/extended/dir-mkdir-persistence tests/filesys/extended/dir-mkdir-persistence.result
FAIL tests/filesys/extended/dir-mkdir-persistence
Prerequisite test tests/filesys/extended/dir-mkdir failed.
perl -I../.. ../../tests/filesys/extended/dir-open-persistence.ck tests/filesys/extended/dir-open-persistence tests/filesys/extended/dir-open-persistence.result
FAIL tests/filesys/extended/dir-open-persistence
Prerequisite test tests/filesys/extended/dir-open failed.
perl -I../.. ../../tests/filesys/extended/dir-over-file-persistence.ck tests/filesys/extended/dir-over-file-persistence tests/filesys/extended/dir-over-file-persistence.result
FAIL tests/filesys/extended/dir-over-file-persistence
Prerequisite test tests/filesys/extended/dir-over-file failed.
perl -I../.. ../../tests/filesys/extended/dir-rm-cwd-persistence.ck tests/filesys/extended/dir-rm-cwd-persistence tests/filesys/extended/dir-rm-cwd-persistence.result
FAIL tests/filesys/extended/dir-rm-cwd-persistence
Prerequisite test tests/filesys/extended/dir-rm-cwd failed.
perl -I../.. ../../tests/filesys/extended/dir-rm-parent-persistence.ck tests/filesys/extended/dir-rm-parent-persistence tests/filesys/extended/dir-rm-parent-persistence.result
FAIL tests/filesys/extended/dir-rm-parent-persistence
Error extracting file system:
/: open failed
error writing archive
perl -I../.. ../../tests/filesys/extended/dir-rm-root-persistence.ck tests/filesys/extended/dir-rm-root-persistence tests/filesys/extended/dir-rm-root-persistence.result
FAIL tests/filesys/extended/dir-rm-root-persistence
Error extracting file system:
/: open failed
error writing archive
perl -I../.. ../../tests/filesys/extended/dir-rm-tree-persistence.ck tests/filesys/extended/dir-rm-tree-persistence tests/filesys/extended/dir-rm-tree-persistence.result
FAIL tests/filesys/extended/dir-rm-tree-persistence
Prerequisite test tests/filesys/extended/dir-rm-tree failed.
perl -I../.. ../../tests/filesys/extended/dir-rmdir-persistence.ck tests/filesys/extended/dir-rmdir-persistence tests/filesys/extended/dir-rmdir-persistence.result
FAIL tests/filesys/extended/dir-rmdir-persistence
Prerequisite test tests/filesys/extended/dir-rmdir failed.
perl -I../.. ../../tests/filesys/extended/dir-under-file-persistence.ck tests/filesys/extended/dir-under-file-persistence tests/filesys/extended/dir-under-file-persistence.result
FAIL tests/filesys/extended/dir-under-file-persistence
Prerequisite test tests/filesys/extended/dir-under-file failed.
perl -I../.. ../../tests/filesys/extended/dir-vine-persistence.ck tests/filesys/extended/dir-vine-persistence tests/filesys/extended/dir-vine-persistence.result
FAIL tests/filesys/extended/dir-vine-persistence
Prerequisite test tests/filesys/extended/dir-vine failed.
perl -I../.. ../../tests/filesys/extended/grow-create-persistence.ck tests/filesys/extended/grow-create-persistence tests/filesys/extended/grow-create-persistence.result
FAIL tests/filesys/extended/grow-create-persistence
Error extracting file system:
/: open failed
error writing archive
perl -I../.. ../../tests/filesys/extended/grow-dir-lg-persistence.ck tests/filesys/extended/grow-dir-lg-persistence tests/filesys/extended/grow-dir-lg-persistence.result
FAIL tests/filesys/extended/grow-dir-lg-persistence
Prerequisite test tests/filesys/extended/grow-dir-lg failed.
perl -I../.. ../../tests/filesys/extended/grow-file-size-persistence.ck tests/filesys/extended/grow-file-size-persistence tests/filesys/extended/grow-file-size-persistence.result
FAIL tests/filesys/extended/grow-file-size-persistence
Prerequisite test tests/filesys/extended/grow-file-size failed.
perl -I../.. ../../tests/filesys/extended/grow-root-lg-persistence.ck tests/filesys/extended/grow-root-lg-persistence tests/filesys/extended/grow-root-lg-persistence.result
FAIL tests/filesys/extended/grow-root-lg-persistence
Prerequisite test tests/filesys/extended/grow-root-lg failed.
perl -I../.. ../../tests/filesys/extended/grow-root-sm-persistence.ck tests/filesys/extended/grow-root-sm-persistence tests/filesys/extended/grow-root-sm-persistence.result
FAIL tests/filesys/extended/grow-root-sm-persistence
Prerequisite test tests/filesys/extended/grow-root-sm failed.
perl -I../.. ../../tests/filesys/extended/grow-seq-lg-persistence.ck tests/filesys/extended/grow-seq-lg-persistence tests/filesys/extended/grow-seq-lg-persistence.result
FAIL tests/filesys/extended/grow-seq-lg-persistence
Prerequisite test tests/filesys/extended/grow-seq-lg failed.
perl -I../.. ../../tests/filesys/extended/grow-seq-sm-persistence.ck tests/filesys/extended/grow-seq-sm-persistence tests/filesys/extended/grow-seq-sm-persistence.result
FAIL tests/filesys/extended/grow-seq-sm-persistence
Prerequisite test tests/filesys/extended/grow-seq-sm failed.
perl -I../.. ../../tests/filesys/extended/grow-sparse-persistence.ck tests/filesys/extended/grow-sparse-persistence tests/filesys/extended/grow-sparse-persistence.result
FAIL tests/filesys/extended/grow-sparse-persistence
Prerequisite test tests/filesys/extended/grow-sparse failed.
perl -I../.. ../../tests/filesys/extended/grow-tell-persistence.ck tests/filesys/extended/grow-tell-persistence tests/filesys/extended/grow-tell-persistence.result
FAIL tests/filesys/extended/grow-tell-persistence
Prerequisite test tests/filesys/extended/grow-tell failed.
perl -I../.. ../../tests/filesys/extended/grow-two-files-persistence.ck tests/filesys/extended/grow-two-files-persistence tests/filesys/extended/grow-two-files-persistence.result
FAIL tests/filesys/extended/grow-two-files-persistence
Prerequisite test tests/filesys/extended/grow-two-files failed.
perl -I../.. ../../tests/filesys/extended/syn-rw-persistence.ck tests/filesys/extended/syn-rw-persistence tests/filesys/extended/syn-rw-persistence.result
FAIL tests/filesys/extended/syn-rw-persistence
Prerequisite test tests/filesys/extended/syn-rw failed.
pass tests/userprog/args-none
pass tests/userprog/args-single
pass tests/userprog/args-multiple
pass tests/userprog/args-many
pass tests/userprog/args-dbl-space
pass tests/userprog/sc-bad-sp
pass tests/userprog/sc-bad-arg
pass tests/userprog/sc-boundary
pass tests/userprog/sc-boundary-2
pass tests/userprog/halt
pass tests/userprog/exit
pass tests/userprog/create-normal
pass tests/userprog/create-empty
pass tests/userprog/create-null
pass tests/userprog/create-bad-ptr
pass tests/userprog/create-long
pass tests/userprog/create-exists
pass tests/userprog/create-bound
pass tests/userprog/open-normal
pass tests/userprog/open-missing
pass tests/userprog/open-boundary
pass tests/userprog/open-empty
pass tests/userprog/open-null
pass tests/userprog/open-bad-ptr
pass tests/userprog/open-twice
pass tests/userprog/close-normal
pass tests/userprog/close-twice
pass tests/userprog/close-stdin
pass tests/userprog/close-stdout
pass tests/userprog/close-bad-fd
pass tests/userprog/read-normal
pass tests/userprog/read-bad-ptr
pass tests/userprog/read-boundary
pass tests/userprog/read-zero
pass tests/userprog/read-stdout
pass tests/userprog/read-bad-fd
pass tests/userprog/write-normal
FAIL tests/userprog/write-bad-ptr
pass tests/userprog/write-boundary
pass tests/userprog/write-zero
pass tests/userprog/write-stdin
pass tests/userprog/write-bad-fd
pass tests/userprog/exec-once
pass tests/userprog/exec-arg
pass tests/userprog/exec-multiple
pass tests/userprog/exec-missing
pass tests/userprog/exec-bad-ptr
pass tests/userprog/wait-simple
pass tests/userprog/wait-twice
pass tests/userprog/wait-killed
pass tests/userprog/wait-bad-pid
pass tests/userprog/multi-recurse
pass tests/userprog/multi-child-fd
pass tests/userprog/rox-simple
pass tests/userprog/rox-child
pass tests/userprog/rox-multichild
pass tests/userprog/bad-read
pass tests/userprog/bad-write
pass tests/userprog/bad-read2
pass tests/userprog/bad-write2
pass tests/userprog/bad-jump
pass tests/userprog/bad-jump2
pass tests/filesys/base/lg-create
pass tests/filesys/base/lg-full
pass tests/filesys/base/lg-random
pass tests/filesys/base/lg-seq-block
pass tests/filesys/base/lg-seq-random
pass tests/filesys/base/sm-create
pass tests/filesys/base/sm-full
pass tests/filesys/base/sm-random
pass tests/filesys/base/sm-seq-block
pass tests/filesys/base/sm-seq-random
pass tests/filesys/base/syn-read
FAIL tests/filesys/base/syn-remove
pass tests/filesys/base/syn-write
FAIL tests/filesys/extended/dir-empty-name
FAIL tests/filesys/extended/dir-mk-tree
FAIL tests/filesys/extended/dir-mkdir
FAIL tests/filesys/extended/dir-open
FAIL tests/filesys/extended/dir-over-file
FAIL tests/filesys/extended/dir-rm-cwd
pass tests/filesys/extended/dir-rm-parent
pass tests/filesys/extended/dir-rm-root
FAIL tests/filesys/extended/dir-rm-tree
FAIL tests/filesys/extended/dir-rmdir
FAIL tests/filesys/extended/dir-under-file
FAIL tests/filesys/extended/dir-vine
pass tests/filesys/extended/grow-create
FAIL tests/filesys/extended/grow-dir-lg
FAIL tests/filesys/extended/grow-file-size
FAIL tests/filesys/extended/grow-root-lg
FAIL tests/filesys/extended/grow-root-sm
FAIL tests/filesys/extended/grow-seq-lg
FAIL tests/filesys/extended/grow-seq-sm
FAIL tests/filesys/extended/grow-sparse
FAIL tests/filesys/extended/grow-tell
FAIL tests/filesys/extended/grow-two-files
FAIL tests/filesys/extended/syn-rw
FAIL tests/filesys/extended/dir-empty-name-persistence
FAIL tests/filesys/extended/dir-mk-tree-persistence
FAIL tests/filesys/extended/dir-mkdir-persistence
FAIL tests/filesys/extended/dir-open-persistence
FAIL tests/filesys/extended/dir-over-file-persistence
FAIL tests/filesys/extended/dir-rm-cwd-persistence
FAIL tests/filesys/extended/dir-rm-parent-persistence
FAIL tests/filesys/extended/dir-rm-root-persistence
FAIL tests/filesys/extended/dir-rm-tree-persistence
FAIL tests/filesys/extended/dir-rmdir-persistence
FAIL tests/filesys/extended/dir-under-file-persistence
FAIL tests/filesys/extended/dir-vine-persistence
FAIL tests/filesys/extended/grow-create-persistence
FAIL tests/filesys/extended/grow-dir-lg-persistence
FAIL tests/filesys/extended/grow-file-size-persistence
FAIL tests/filesys/extended/grow-root-lg-persistence
FAIL tests/filesys/extended/grow-root-sm-persistence
FAIL tests/filesys/extended/grow-seq-lg-persistence
FAIL tests/filesys/extended/grow-seq-sm-persistence
FAIL tests/filesys/extended/grow-sparse-persistence
FAIL tests/filesys/extended/grow-tell-persistence
FAIL tests/filesys/extended/grow-two-files-persistence
FAIL tests/filesys/extended/syn-rw-persistence
45 of 121 tests failed.
